2018-05-04 01:46:16,025 INFO: Microblog startup [in /home/bberastain/Desktop/microblog/app/__init__.py:48]
2018-05-04 01:56:49,572 INFO: Microblog startup [in /home/bberastain/Desktop/microblog/app/__init__.py:48]
2018-05-04 02:01:50,541 ERROR: Exception on /reset_password/eyJ0eXAiOiJKV1QiLCJhbGciOiJIUzI1NiJ9.eyJleHAiOjE1MjU0MjUwOTMuMTAwMzAwMywicmVzZXRfcGFzc3dvcmQiOjF9.grVRm0OivvwlYWbWuJoL9QgSa8HgNiPTjQpVBsY7_kg [GET] [in /home/bberastain/Desktop/microblog/venv/lib/python3.5/site-packages/flask/app.py:1560]
Traceback (most recent call last):
  File "/home/bberastain/Desktop/microblog/venv/lib/python3.5/site-packages/flask/app.py", line 1982, in wsgi_app
    response = self.full_dispatch_request()
  File "/home/bberastain/Desktop/microblog/venv/lib/python3.5/site-packages/flask/app.py", line 1614, in full_dispatch_request
    rv = self.handle_user_exception(e)
  File "/home/bberastain/Desktop/microblog/venv/lib/python3.5/site-packages/flask/app.py", line 1517, in handle_user_exception
    reraise(exc_type, exc_value, tb)
  File "/home/bberastain/Desktop/microblog/venv/lib/python3.5/site-packages/flask/_compat.py", line 33, in reraise
    raise value
  File "/home/bberastain/Desktop/microblog/venv/lib/python3.5/site-packages/flask/app.py", line 1612, in full_dispatch_request
    rv = self.dispatch_request()
  File "/home/bberastain/Desktop/microblog/venv/lib/python3.5/site-packages/flask/app.py", line 1598, in dispatch_request
    return self.view_functions[rule.endpoint](**req.view_args)
  File "/home/bberastain/Desktop/microblog/app/routes.py", line 168, in reset_password
    form = ResetPasswordForm()
NameError: name 'ResetPasswordForm' is not defined
2018-05-04 02:08:10,100 INFO: Microblog startup [in /home/bberastain/Desktop/microblog/app/__init__.py:48]
2018-05-04 02:14:11,090 INFO: Microblog startup [in /home/bberastain/Desktop/microblog/app/__init__.py:48]
2018-05-04 02:15:28,920 INFO: Microblog startup [in /home/bberastain/Desktop/microblog/app/__init__.py:48]
